<?xml version="1.0" encoding="UTF-8"?>
<!-- Generated by org.testng.reporters.JUnitReportReporter -->
<testsuite hostname="MacKavitha.attlocal.net" failures="0" tests="1" name="SF_Tests.LoginTest" time="95.238" errors="0" timestamp="2024-05-30T13:27:07 PDT" skipped="0">
  <testcase classname="SF_Tests.LoginTest" name="LoginintoApplication" time="95.238"/>
  <system-out/>
</testsuite> <!-- SF_Tests.LoginTest -->
