<?xml version="1.0" encoding="UTF-8"?>
<!-- Generated by org.testng.reporters.JUnitReportReporter -->
<testsuite hostname="MacKavitha.attlocal.net" failures="0" tests="1" name="SF_Tests.AccountsTest" time="318.823" errors="0" timestamp="2024-06-04T20:54:26 PDT" skipped="0">
  <testcase classname="SF_Tests.AccountsTest" name="AccountCreation" time="318.823"/>
  <system-out/>
</testsuite> <!-- SF_Tests.AccountsTest -->
